Determining if the pthread_create exist failed with the following output:
Change Dir: /home/julinas/catkin_ws/build/CMakeFiles/CMakeTmp

Run Build Command:"/usr/bin/make" "cmTC_3090d/fast"
/usr/bin/make -f CMakeFiles/cmTC_3090d.dir/build.make CMakeFiles/cmTC_3090d.dir/build
make[1]: Entering directory '/home/julinas/catkin_ws/build/CMakeFiles/CMakeTmp'
Building C object CMakeFiles/cmTC_3090d.dir/CheckSymbolExists.c.o
/usr/bin/cc     -o CMakeFiles/cmTC_3090d.dir/CheckSymbolExists.c.o   -c /home/julinas/catkin_ws/build/CMakeFiles/CMakeTmp/CheckSymbolExists.c
Linking C executable cmTC_3090d
/usr/bin/cmake -E cmake_link_script CMakeFiles/cmTC_3090d.dir/link.txt --verbose=1
/usr/bin/cc       CMakeFiles/cmTC_3090d.dir/CheckSymbolExists.c.o  -o cmTC_3090d -rdynamic 
CMakeFiles/cmTC_3090d.dir/CheckSymbolExists.c.o: In function `main':
CheckSymbolExists.c:(.text+0x16): undefined reference to `pthread_create'
collect2: error: ld returned 1 exit status
CMakeFiles/cmTC_3090d.dir/build.make:97: recipe for target 'cmTC_3090d' failed
make[1]: *** [cmTC_3090d] Error 1
make[1]: Leaving directory '/home/julinas/catkin_ws/build/CMakeFiles/CMakeTmp'
Makefile:126: recipe for target 'cmTC_3090d/fast' failed
make: *** [cmTC_3090d/fast] Error 2

File /home/julinas/catkin_ws/build/CMakeFiles/CMakeTmp/CheckSymbolExists.c:
/* */
#include <pthread.h>

int main(int argc, char** argv)
{
  (void)argv;
#ifndef pthread_create
  return ((int*)(&pthread_create))[argc];
#else
  (void)argc;
  return 0;
#endif
}

Determining if the function pthread_create exists in the pthreads failed with the following output:
Change Dir: /home/julinas/catkin_ws/build/CMakeFiles/CMakeTmp

Run Build Command:"/usr/bin/make" "cmTC_ba499/fast"
/usr/bin/make -f CMakeFiles/cmTC_ba499.dir/build.make CMakeFiles/cmTC_ba499.dir/build
make[1]: Entering directory '/home/julinas/catkin_ws/build/CMakeFiles/CMakeTmp'
Building C object CMakeFiles/cmTC_ba499.dir/CheckFunctionExists.c.o
/usr/bin/cc    -DCHECK_FUNCTION_EXISTS=pthread_create   -o CMakeFiles/cmTC_ba499.dir/CheckFunctionExists.c.o   -c /usr/share/cmake-3.5/Modules/CheckFunctionExists.c
Linking C executable cmTC_ba499
/usr/bin/cmake -E cmake_link_script CMakeFiles/cmTC_ba499.dir/link.txt --verbose=1
/usr/bin/cc   -DCHECK_FUNCTION_EXISTS=pthread_create    CMakeFiles/cmTC_ba499.dir/CheckFunctionExists.c.o  -o cmTC_ba499 -rdynamic -lpthreads 
/usr/bin/ld: cannot find -lpthreads
collect2: error: ld returned 1 exit status
CMakeFiles/cmTC_ba499.dir/build.make:97: recipe for target 'cmTC_ba499' failed
make[1]: *** [cmTC_ba499] Error 1
make[1]: Leaving directory '/home/julinas/catkin_ws/build/CMakeFiles/CMakeTmp'
Makefile:126: recipe for target 'cmTC_ba499/fast' failed
make: *** [cmTC_ba499/fast] Error 2


